<?xml version="1.0" encoding="UTF-8"?>
<testsuites name="Mocha Tests" time="0.0680" tests="4" failures="0">
  <testsuite name="Root Suite" timestamp="2022-08-31T10:06:17" tests="0" file="cypress\e2e\test.cy.js" time="0.0000" failures="0">
  </testsuite>
  <testsuite name="firstFunction" timestamp="2022-08-31T10:06:17" tests="2" time="0.0450" failures="0">
    <testcase name="firstFunction adds two numbers" time="0.0320" classname="adds two numbers">
    </testcase>
    <testcase name="firstFunction adds two strings" time="0.0130" classname="adds two strings">
    </testcase>
  </testsuite>
  <testsuite name="secondFunction" timestamp="2022-08-31T10:06:17" tests="2" time="0.0230" failures="0">
    <testcase name="secondFunction Subtract two numbers" time="0.0120" classname="Subtract two numbers">
    </testcase>
    <testcase name="secondFunction Subtract two strings" time="0.0110" classname="Subtract two strings">
    </testcase>
  </testsuite>
</testsuites>